<?xml version="1.0" encoding="UTF-8"?>
<!-- Generated by org.testng.reporters.JUnitReportReporter -->
<testsuite skipped="1" hostname="LAPTOP-PHUIS8K1" name="dataDrivenFramework.dataDrivenFramework.CallToActionComponentTest" tests="2" failures="0" timestamp="21 Sep 2020 14:21:07 GMT" time="14.593" errors="1">
  <testcase name="callToAction" time="0.000" classname="dataDrivenFramework.dataDrivenFramework.CallToActionComponentTest">
    <skipped/>
  </testcase> <!-- callToAction -->
  <testcase name="loginTest" time="14.593" classname="dataDrivenFramework.dataDrivenFramework.CallToActionComponentTest">
    <error type="org.openqa.selenium.SessionNotCreatedException" message="session not created
from chrome not reachable
  (Session info: chrome=85.0.4183.102)
Build info: version: &#039;3.14.0&#039;, revision: &#039;aacccce0&#039;, time: &#039;2018-08-02T20:19:58.91Z&#039;
System info: host: &#039;LAPTOP-PHUIS8K1&#039;, ip: &#039;192.168.15.140&#039;, os.name: &#039;Windows 10&#039;, os.arch: &#039;amd64&#039;, os.version: &#039;10.0&#039;, java.version: &#039;1.8.0_201&#039;
Driver info: driver.version: ChromeDriver
remote stacktrace: Backtrace:
	Ordinal0 [0x00CE87E3+2852835]
	Ordinal0 [0x00BD5BB1+1727409]
	Ordinal0 [0x00AAE362+516962]
	Ordinal0 [0x00AA7D82+490882]
	Ordinal0 [0x00AA846B+492651]
	Ordinal0 [0x00AA93C5+496581]
	Ordinal0 [0x00AA4D64+478564]
	Ordinal0 [0x00AAF300+520960]
	Ordinal0 [0x00A5E489+189577]
	Ordinal0 [0x00A5D7FD+186365]
	Ordinal0 [0x00A5B70B+177931]
	Ordinal0 [0x00A42584+75140]
	Ordinal0 [0x00A43650+79440]
	Ordinal0 [0x00A435E9+79337]
	Ordinal0 [0x00BEAD5C+1813852]
	GetHandleVerifier [0x00E0C616+1075574]
	GetHandleVerifier [0x00E0C367+1074887]
	GetHandleVerifier [0x00E17497+1120247]
	GetHandleVerifier [0x00E0CC16+1077110]
	Ordinal0 [0x00BE3206+1782278]
	Ordinal0 [0x00BEC3BB+1819579]
	Ordinal0 [0x00BEC523+1819939]
	Ordinal0 [0x00C02B45+1911621]
	BaseThreadInitThunk [0x7769F989+25]
	RtlGetAppContainerNamedObjectPath [0x778974B4+228]
	RtlGetAppContainerNamedObjectPath [0x77897484+180]
">
      <![CDATA[org.openqa.selenium.SessionNotCreatedException: session not created
from chrome not reachable
  (Session info: chrome=85.0.4183.102)
Build info: version: '3.14.0', revision: 'aacccce0', time: '2018-08-02T20:19:58.91Z'
System info: host: 'LAPTOP-PHUIS8K1', ip: '192.168.15.140', os.name: 'Windows 10', os.arch: 'amd64', os.version: '10.0', java.version: '1.8.0_201'
Driver info: driver.version: ChromeDriver
remote stacktrace: Backtrace:
	Ordinal0 [0x00CE87E3+2852835]
	Ordinal0 [0x00BD5BB1+1727409]
	Ordinal0 [0x00AAE362+516962]
	Ordinal0 [0x00AA7D82+490882]
	Ordinal0 [0x00AA846B+492651]
	Ordinal0 [0x00AA93C5+496581]
	Ordinal0 [0x00AA4D64+478564]
	Ordinal0 [0x00AAF300+520960]
	Ordinal0 [0x00A5E489+189577]
	Ordinal0 [0x00A5D7FD+186365]
	Ordinal0 [0x00A5B70B+177931]
	Ordinal0 [0x00A42584+75140]
	Ordinal0 [0x00A43650+79440]
	Ordinal0 [0x00A435E9+79337]
	Ordinal0 [0x00BEAD5C+1813852]
	GetHandleVerifier [0x00E0C616+1075574]
	GetHandleVerifier [0x00E0C367+1074887]
	GetHandleVerifier [0x00E17497+1120247]
	GetHandleVerifier [0x00E0CC16+1077110]
	Ordinal0 [0x00BE3206+1782278]
	Ordinal0 [0x00BEC3BB+1819579]
	Ordinal0 [0x00BEC523+1819939]
	Ordinal0 [0x00C02B45+1911621]
	BaseThreadInitThunk [0x7769F989+25]
	RtlGetAppContainerNamedObjectPath [0x778974B4+228]
	RtlGetAppContainerNamedObjectPath [0x77897484+180]

	at sun.reflect.NativeConstructorAccessorImpl.newInstance0(Native Method)
	at sun.reflect.NativeConstructorAccessorImpl.newInstance(Unknown Source)
	at sun.reflect.DelegatingConstructorAccessorImpl.newInstance(Unknown Source)
	at java.lang.reflect.Constructor.newInstance(Unknown Source)
	at org.openqa.selenium.remote.W3CHandshakeResponse.lambda$new$0(W3CHandshakeResponse.java:57)
	at org.openqa.selenium.remote.W3CHandshakeResponse.lambda$getResponseFunction$2(W3CHandshakeResponse.java:104)
	at org.openqa.selenium.remote.ProtocolHandshake.lambda$createSession$0(ProtocolHandshake.java:122)
	at java.util.stream.ReferencePipeline$3$1.accept(Unknown Source)
	at java.util.Spliterators$ArraySpliterator.tryAdvance(Unknown Source)
	at java.util.stream.ReferencePipeline.forEachWithCancel(Unknown Source)
	at java.util.stream.AbstractPipeline.copyIntoWithCancel(Unknown Source)
	at java.util.stream.AbstractPipeline.copyInto(Unknown Source)
	at java.util.stream.AbstractPipeline.wrapAndCopyInto(Unknown Source)
	at java.util.stream.FindOps$FindOp.evaluateSequential(Unknown Source)
	at java.util.stream.AbstractPipeline.evaluate(Unknown Source)
	at java.util.stream.ReferencePipeline.findFirst(Unknown Source)
	at org.openqa.selenium.remote.ProtocolHandshake.createSession(ProtocolHandshake.java:125)
	at org.openqa.selenium.remote.ProtocolHandshake.createSession(ProtocolHandshake.java:73)
	at org.openqa.selenium.remote.HttpCommandExecutor.execute(HttpCommandExecutor.java:136)
	at org.openqa.selenium.remote.service.DriverCommandExecutor.execute(DriverCommandExecutor.java:83)
	at org.openqa.selenium.remote.RemoteWebDriver.execute(RemoteWebDriver.java:548)
	at org.openqa.selenium.remote.RemoteWebDriver.startSession(RemoteWebDriver.java:212)
	at org.openqa.selenium.remote.RemoteWebDriver.<init>(RemoteWebDriver.java:130)
	at org.openqa.selenium.chrome.ChromeDriver.<init>(ChromeDriver.java:181)
	at org.openqa.selenium.chrome.ChromeDriver.<init>(ChromeDriver.java:168)
	at org.openqa.selenium.chrome.ChromeDriver.<init>(ChromeDriver.java:123)
	at dataDrivenFramework.dataDrivenFramework.CallToActionComponentTest.loginTest(CallToActionComponentTest.java:22)
	at sun.reflect.NativeMethodAccessorImpl.invoke0(Native Method)
	at sun.reflect.NativeMethodAccessorImpl.invoke(Unknown Source)
	at sun.reflect.DelegatingMethodAccessorImpl.invoke(Unknown Source)
	at java.lang.reflect.Method.invoke(Unknown Source)
	at org.testng.internal.MethodInvocationHelper.invokeMethod(MethodInvocationHelper.java:108)
	at org.testng.internal.Invoker.invokeConfigurationMethod(Invoker.java:523)
	at org.testng.internal.Invoker.invokeConfigurations(Invoker.java:224)
	at org.testng.internal.Invoker.invokeMethod(Invoker.java:599)
	at org.testng.internal.Invoker.invokeTestMethod(Invoker.java:869)
	at org.testng.internal.Invoker.invokeTestMethods(Invoker.java:1193)
	at org.testng.internal.TestMethodWorker.invokeTestMethods(TestMethodWorker.java:126)
	at org.testng.internal.TestMethodWorker.run(TestMethodWorker.java:109)
	at org.testng.TestRunner.privateRun(TestRunner.java:744)
	at org.testng.TestRunner.run(TestRunner.java:602)
	at org.testng.SuiteRunner.runTest(SuiteRunner.java:380)
	at org.testng.SuiteRunner.runSequentially(SuiteRunner.java:375)
	at org.testng.SuiteRunner.privateRun(SuiteRunner.java:340)
	at org.testng.SuiteRunner.run(SuiteRunner.java:289)
	at org.testng.SuiteRunnerWorker.runSuite(SuiteRunnerWorker.java:52)
	at org.testng.SuiteRunnerWorker.run(SuiteRunnerWorker.java:86)
	at org.testng.TestNG.runSuitesSequentially(TestNG.java:1301)
	at org.testng.TestNG.runSuitesLocally(TestNG.java:1226)
	at org.testng.TestNG.runSuites(TestNG.java:1144)
	at org.testng.TestNG.run(TestNG.java:1115)
	at org.testng.remote.AbstractRemoteTestNG.run(AbstractRemoteTestNG.java:115)
	at org.testng.remote.RemoteTestNG.initAndRun(RemoteTestNG.java:251)
	at org.testng.remote.RemoteTestNG.main(RemoteTestNG.java:77)
]]>
    </error>
  </testcase> <!-- loginTest -->
</testsuite> <!-- dataDrivenFramework.dataDrivenFramework.CallToActionComponentTest -->
