<?xml version="1.0" encoding="UTF-8"?>
<!-- Generated by org.testng.reporters.JUnitReportReporter -->
<testsuite skipped="0" hostname="LAPTOP-PHUIS8K1" name="dataDrivenFramework.dataDrivenFramework.CtaPublisherTest" tests="1" failures="0" timestamp="16 Sep 2020 13:48:56 GMT" time="29.139" errors="0">
  <testcase name="ctaPublisherTest" time="29.139" classname="dataDrivenFramework.dataDrivenFramework.CtaPublisherTest"/>
</testsuite> <!-- dataDrivenFramework.dataDrivenFramework.CtaPublisherTest -->
