<?xml version="1.0" encoding="UTF-8"?>
<!-- Generated by org.testng.reporters.JUnitReportReporter -->
<testsuite skipped="1" hostname="LAPTOP-PHUIS8K1" name="dataDrivenFramework.dataDrivenFramework.AddAssetsTest" tests="1" failures="0" timestamp="22 Sep 2020 08:20:08 GMT" time="0.000" errors="0">
  <testcase name="addAsset" time="0.000" classname="dataDrivenFramework.dataDrivenFramework.AddAssetsTest">
    <skipped/>
  </testcase> <!-- addAsset -->
</testsuite> <!-- dataDrivenFramework.dataDrivenFramework.AddAssetsTest -->
